# JRE version: Java(TM) SE Runtime Environment (8.0_111-b14) (build 1.8.0_111-b14)
# Java VM: Java HotSpot(TM) 64-Bit Server VM (25.111-b14 mixed mode linux-amd64 compressed oops)
Heap:
 PSYoungGen      total 171520K, used 59431K [0x00000000eff00000, 0x00000000fdc00000, 0x0000000100000000)
  eden space 148480K, 24% used [0x00000000eff00000,0x00000000f228fcf8,0x00000000f9000000)
  from space 23040K, 99% used [0x00000000f9000000,0x00000000fa67b690,0x00000000fa680000)
  to   space 30208K, 0% used [0x00000000fbe80000,0x00000000fbe80000,0x00000000fdc00000)
 ParOldGen       total 85504K, used 59050K [0x00000000cfc00000, 0x00000000d4f80000, 0x00000000eff00000)
  object space 85504K, 69% used [0x00000000cfc00000,0x00000000d35aaa20,0x00000000d4f80000)
 Metaspace       used 91429K, capacity 103990K, committed 104152K, reserved 1138688K
  class space    used 11963K, capacity 15555K, committed 15616K, reserved 1048576K
GC Heap History (10 events):
Event: 67,804 GC heap before
{Heap before GC invocations=35 (full 4):
 PSYoungGen      total 127488K, used 124065K [0x00000000eff00000, 0x00000000f9180000, 0x0000000100000000)
  eden space 110592K, 99% used [0x00000000eff00000,0x00000000f6aec418,0x00000000f6b00000)
  from space 16896K, 80% used [0x00000000f7d00000,0x00000000f8a3c048,0x00000000f8d80000)
  to   space 18432K, 0% used [0x00000000f6b00000,0x00000000f6b00000,0x00000000f7d00000)
 ParOldGen       total 85504K, used 49283K [0x00000000cfc00000, 0x00000000d4f80000, 0x00000000eff00000)
  object space 85504K, 57% used [0x00000000cfc00000,0x00000000d2c20ca0,0x00000000d4f80000)
 Metaspace       used 78087K, capacity 88854K, committed 88920K, reserved 1124352K
  class space    used 10398K, capacity 13403K, committed 13440K, reserved 1048576K
Event: 67,820 GC heap after
Heap after GC invocations=35 (full 4):
 PSYoungGen      total 129024K, used 10971K [0x00000000eff00000, 0x00000000fa500000, 0x0000000100000000)
  eden space 110592K, 0% used [0x00000000eff00000,0x00000000eff00000,0x00000000f6b00000)
  from space 18432K, 59% used [0x00000000f6b00000,0x00000000f75b6fd0,0x00000000f7d00000)
  to   space 18432K, 0% used [0x00000000f9300000,0x00000000f9300000,0x00000000fa500000)
 ParOldGen       total 85504K, used 49283K [0x00000000cfc00000, 0x00000000d4f80000, 0x00000000eff00000)
  object space 85504K, 57% used [0x00000000cfc00000,0x00000000d2c20ca0,0x00000000d4f80000)
 Metaspace       used 78087K, capacity 88854K, committed 88920K, reserved 1124352K
  class space    used 10398K, capacity 13403K, committed 13440K, reserved 1048576K
}
Event: 70,918 GC heap before
{Heap before GC invocations=36 (full 4):
 PSYoungGen      total 129024K, used 121563K [0x00000000eff00000, 0x00000000fa500000, 0x0000000100000000)
  eden space 110592K, 100% used [0x00000000eff00000,0x00000000f6b00000,0x00000000f6b00000)
  from space 18432K, 59% used [0x00000000f6b00000,0x00000000f75b6fd0,0x00000000f7d00000)
  to   space 18432K, 0% used [0x00000000f9300000,0x00000000f9300000,0x00000000fa500000)
 ParOldGen       total 85504K, used 49283K [0x00000000cfc00000, 0x00000000d4f80000, 0x00000000eff00000)
  object space 85504K, 57% used [0x00000000cfc00000,0x00000000d2c20ca0,0x00000000d4f80000)
 Metaspace       used 79597K, capacity 90396K, committed 90456K, reserved 1126400K
  class space    used 10584K, capacity 13677K, committed 13696K, reserved 1048576K
Event: 70,953 GC heap after
Heap after GC invocations=36 (full 4):
 PSYoungGen      total 149504K, used 11952K [0x00000000eff00000, 0x00000000fa480000, 0x0000000100000000)
  eden space 131584K, 0% used [0x00000000eff00000,0x00000000eff00000,0x00000000f7f80000)
  from space 17920K, 66% used [0x00000000f9300000,0x00000000f9eac260,0x00000000fa480000)
  to   space 18944K, 0% used [0x00000000f7f80000,0x00000000f7f80000,0x00000000f9200000)
 ParOldGen       total 85504K, used 49291K [0x00000000cfc00000, 0x00000000d4f80000, 0x00000000eff00000)
  object space 85504K, 57% used [0x00000000cfc00000,0x00000000d2c22ca0,0x00000000d4f80000)
 Metaspace       used 79597K, capacity 90396K, committed 90456K, reserved 1126400K
  class space    used 10584K, capacity 13677K, committed 13696K, reserved 1048576K
}
Event: 74,943 GC heap before
{Heap before GC invocations=37 (full 4):
 PSYoungGen      total 149504K, used 143536K [0x00000000eff00000, 0x00000000fa480000, 0x0000000100000000)
  eden space 131584K, 100% used [0x00000000eff00000,0x00000000f7f80000,0x00000000f7f80000)
  from space 17920K, 66% used [0x00000000f9300000,0x00000000f9eac260,0x00000000fa480000)
  to   space 18944K, 0% used [0x00000000f7f80000,0x00000000f7f80000,0x00000000f9200000)
 ParOldGen       total 85504K, used 49291K [0x00000000cfc00000, 0x00000000d4f80000, 0x00000000eff00000)
  object space 85504K, 57% used [0x00000000cfc00000,0x00000000d2c22ca0,0x00000000d4f80000)
 Metaspace       used 82689K, capacity 94514K, committed 94808K, reserved 1130496K
  class space    used 10959K, capacity 14412K, committed 14464K, reserved 1048576K
Event: 74,979 GC heap after
Heap after GC invocations=37 (full 4):
 PSYoungGen      total 150528K, used 17712K [0x00000000eff00000, 0x00000000fbb00000, 0x0000000100000000)
  eden space 131584K, 0% used [0x00000000eff00000,0x00000000eff00000,0x00000000f7f80000)
  from space 18944K, 93% used [0x00000000f7f80000,0x00000000f90cc150,0x00000000f9200000)
  to   space 20992K, 0% used [0x00000000fa680000,0x00000000fa680000,0x00000000fbb00000)
 ParOldGen       total 85504K, used 49299K [0x00000000cfc00000, 0x00000000d4f80000, 0x00000000eff00000)
  object space 85504K, 57% used [0x00000000cfc00000,0x00000000d2c24ca0,0x00000000d4f80000)
 Metaspace       used 82689K, capacity 94514K, committed 94808K, reserved 1130496K
  class space    used 10959K, capacity 14412K, committed 14464K, reserved 1048576K
}
Event: 78,082 GC heap before
{Heap before GC invocations=38 (full 4):
 PSYoungGen      total 150528K, used 149296K [0x00000000eff00000, 0x00000000fbb00000, 0x0000000100000000)
  eden space 131584K, 100% used [0x00000000eff00000,0x00000000f7f80000,0x00000000f7f80000)
  from space 18944K, 93% used [0x00000000f7f80000,0x00000000f90cc150,0x00000000f9200000)
  to   space 20992K, 0% used [0x00000000fa680000,0x00000000fa680000,0x00000000fbb00000)
 ParOldGen       total 85504K, used 49299K [0x00000000cfc00000, 0x00000000d4f80000, 0x00000000eff00000)
  object space 85504K, 57% used [0x00000000cfc00000,0x00000000d2c24ca0,0x00000000d4f80000)
 Metaspace       used 83910K, capacity 95748K, committed 95960K, reserved 1130496K
  class space    used 11084K, capacity 14571K, committed 14592K, reserved 1048576K
Event: 78,131 GC heap after
Heap after GC invocations=38 (full 4):
 PSYoungGen      total 169472K, used 18588K [0x00000000eff00000, 0x00000000fbd80000, 0x0000000100000000)
  eden space 148480K, 0% used [0x00000000eff00000,0x00000000eff00000,0x00000000f9000000)
  from space 20992K, 88% used [0x00000000fa680000,0x00000000fb8a71b8,0x00000000fbb00000)
  to   space 23040K, 0% used [0x00000000f9000000,0x00000000f9000000,0x00000000fa680000)
 ParOldGen       total 85504K, used 49307K [0x00000000cfc00000, 0x00000000d4f80000, 0x00000000eff00000)
  object space 85504K, 57% used [0x00000000cfc00000,0x00000000d2c26ca0,0x00000000d4f80000)
 Metaspace       used 83910K, capacity 95748K, committed 95960K, reserved 1130496K
  class space    used 11084K, capacity 14571K, committed 14592K, reserved 1048576K
}
Event: 86,857 GC heap before
{Heap before GC invocations=39 (full 4):
 PSYoungGen      total 169472K, used 167068K [0x00000000eff00000, 0x00000000fbd80000, 0x0000000100000000)
  eden space 148480K, 100% used [0x00000000eff00000,0x00000000f9000000,0x00000000f9000000)
  from space 20992K, 88% used [0x00000000fa680000,0x00000000fb8a71b8,0x00000000fbb00000)
  to   space 23040K, 0% used [0x00000000f9000000,0x00000000f9000000,0x00000000fa680000)
 ParOldGen       total 85504K, used 49307K [0x00000000cfc00000, 0x00000000d4f80000, 0x00000000eff00000)
  object space 85504K, 57% used [0x00000000cfc00000,0x00000000d2c26ca0,0x00000000d4f80000)
 Metaspace       used 88530K, capacity 100632K, committed 100696K, reserved 1134592K
  class space    used 11628K, capacity 15204K, committed 15232K, reserved 1048576K
Event: 86,898 GC heap after
Heap after GC invocations=39 (full 4):
 PSYoungGen      total 171520K, used 23021K [0x00000000eff00000, 0x00000000fdc00000, 0x0000000100000000)
  eden space 148480K, 0% used [0x00000000eff00000,0x00000000eff00000,0x00000000f9000000)
  from space 23040K, 99% used [0x00000000f9000000,0x00000000fa67b690,0x00000000fa680000)
  to   space 30208K, 0% used [0x00000000fbe80000,0x00000000fbe80000,0x00000000fdc00000)
 ParOldGen       total 85504K, used 59050K [0x00000000cfc00000, 0x00000000d4f80000, 0x00000000eff00000)
  object space 85504K, 69% used [0x00000000cfc00000,0x00000000d35aaa20,0x00000000d4f80000)
 Metaspace       used 88530K, capacity 100632K, committed 100696K, reserved 1134592K
  class space    used 11628K, capacity 15204K, committed 15232K, reserved 1048576K
}

